#
# There is insufficient memory for the Java Runtime Environment to continue.
# Native memory allocation (malloc) failed to allocate 632656 bytes for Chunk::new
# Possible reasons:
#   The system is out of physical RAM or swap space
#   In 32 bit mode, the process size limit was hit
# Possible solutions:
#   Reduce memory load on the system
#   Increase physical memory or swap space
#   Check if swap backing store is full
#   Use 64 bit Java on a 64 bit OS
#   Decrease Java heap size (-Xmx/-Xms)
#   Decrease number of Java threads
#   Decrease Java thread stack sizes (-Xss)
#   Set larger code cache with -XX:ReservedCodeCacheSize=
# This output file may be truncated or incomplete.
#
#  Out of Memory Error (allocation.cpp:390), pid=4816, tid=4616
#
# JRE version: Java(TM) SE Runtime Environment (8.0_65-b17) (build 1.8.0_65-b17)
# Java VM: Java HotSpot(TM) 64-Bit Server VM (25.65-b01 mixed mode windows-amd64 compressed oops)
# Failed to write core dump. Minidumps are not enabled by default on client versions of Windows
#

---------------  T H R E A D  ---------------

Current thread (0x0000000017f2d800):  JavaThread "C2 CompilerThread0" daemon [_thread_in_native, id=4616, stack(0x0000000019590000,0x0000000019690000)]

Stack: [0x0000000019590000,0x0000000019690000]
[error occurred during error reporting (printing stack bounds), id 0xc0000005]

Native frames: (J=compiled Java code, j=interpreted, Vv=VM code, C=native code)


Current CompileTask:
C2:   2607 1489       4       com.android.dx.ssa.SCCP::simulateBlock (54 bytes)


---------------  P R O C E S S  ---------------

Java Threads: ( => current thread )
  0x0000000019aff800 JavaThread "pool-2-thread-1" [_thread_blocked, id=7184, stack(0x0000000019f90000,0x000000001a090000)]
  0x0000000019aff000 JavaThread "pool-1-thread-1" [_thread_in_Java, id=10212, stack(0x0000000019e90000,0x0000000019f90000)]
  0x00000000198b8800 JavaThread "Service Thread" daemon [_thread_blocked, id=10748, stack(0x0000000019c90000,0x0000000019d90000)]
  0x0000000017f34000 JavaThread "C1 CompilerThread2" daemon [_thread_blocked, id=8456, stack(0x0000000019790000,0x0000000019890000)]
  0x0000000017f31000 JavaThread "C2 CompilerThread1" daemon [_thread_in_native, id=8984, stack(0x0000000019690000,0x0000000019790000)]
=>0x0000000017f2d800 JavaThread "C2 CompilerThread0" daemon [_thread_in_native, id=4616, stack(0x0000000019590000,0x0000000019690000)]
  0x0000000017f2c000 JavaThread "Attach Listener" daemon [_thread_blocked, id=11900, stack(0x0000000019490000,0x0000000019590000)]
  0x0000000017f2a800 JavaThread "Signal Dispatcher" daemon [_thread_blocked, id=11488, stack(0x0000000019390000,0x0000000019490000)]
  0x0000000003437800 JavaThread "Finalizer" daemon [_thread_blocked, id=7328, stack(0x0000000019180000,0x0000000019280000)]
  0x000000000342e000 JavaThread "Reference Handler" daemon [_thread_blocked, id=8004, stack(0x0000000019080000,0x0000000019180000)]
  0x000000000320d800 JavaThread "main" [_thread_in_vm, id=5184, stack(0x0000000003210000,0x0000000003310000)]

Other Threads:
  0x0000000017ef7800 VMThread [stack: 0x0000000018f80000,0x0000000019080000] [id=7948]
  0x00000000198d4800 WatcherThread [stack: 0x0000000019d90000,0x0000000019e90000] [id=8032]

VM state:not at safepoint (normal execution)

VM Mutex/Monitor currently owned by a thread: None

Heap:
 PSYoungGen      total 37888K, used 9145K [0x00000000d6000000, 0x00000000d8a00000, 0x0000000100000000)
  eden space 32768K, 12% used [0x00000000d6000000,0x00000000d63ee9f8,0x00000000d8000000)
  from space 5120K, 99% used [0x00000000d8500000,0x00000000d89ffcb8,0x00000000d8a00000)
  to   space 5120K, 0% used [0x00000000d8000000,0x00000000d8000000,0x00000000d8500000)
 ParOldGen       total 86016K, used 5814K [0x0000000082000000, 0x0000000087400000, 0x00000000d6000000)
  object space 86016K, 6% used [0x0000000082000000,0x00000000825adaa0,0x0000000087400000)
 Metaspace       used 6087K, capacity 7024K, committed 7296K, reserved 1056768K
  class space    used 585K, capacity 616K, committed 640K, reserved 1048576K

Card table byte_map: [0x0000000012800000,0x0000000012c00000] byte_map_base: 0x00000000123f0000

Marking Bits: (ParMarkBitMap*) 0x000000006e5ea5b0
 Begin Bits: [0x00000000132a0000, 0x0000000015220000)
 End Bits:   [0x0000000015220000, 0x00000000171a0000)

Polling page: 0x0000000001450000

CodeCache: size=245760Kb used=6088Kb max_used=6088Kb free=239671Kb
 bounds [0x0000000003440000, 0x0000000003a40000, 0x0000000012440000]
 total_blobs=1761 nmethods=1493 adapters=181
 compilation: enabled

Compilation events (10 events):
Event: 2.567 Thread 0x0000000017f34000 1498       3       java.util.concurrent.ThreadPoolExecutor::afterExecute (1 bytes)
Event: 2.567 Thread 0x0000000017f34000 nmethod 1498 0x0000000003a25d90 code [0x0000000003a25ee0, 0x0000000003a26030]
Event: 2.567 Thread 0x0000000017f34000 1499   !   3       java.util.concurrent.ThreadPoolExecutor::getTask (179 bytes)
Event: 2.569 Thread 0x0000000017f34000 nmethod 1499 0x0000000003a32610 code [0x0000000003a32860, 0x0000000003a33998]
Event: 2.569 Thread 0x0000000017f34000 1500       3       java.util.concurrent.locks.ReentrantLock::lockInterruptibly (9 bytes)
Event: 2.570 Thread 0x0000000017f34000 nmethod 1500 0x0000000003a31d10 code [0x0000000003a31ec0, 0x0000000003a323d8]
Event: 2.570 Thread 0x0000000017f34000 1501       3       java.util.concurrent.locks.AbstractQueuedSynchronizer::acquireInterruptibly (28 bytes)
Event: 2.571 Thread 0x0000000017f34000 nmethod 1501 0x0000000003a31590 code [0x0000000003a31740, 0x0000000003a31b78]
Event: 2.581 Thread 0x0000000017f34000 1503       3       com.android.dx.util.IntList::equals (82 bytes)
Event: 2.582 Thread 0x0000000017f34000 nmethod 1503 0x0000000003a36f90 code [0x0000000003a37120, 0x0000000003a376d0]

GC Heap History (4 events):
Event: 1.805 GC heap before
{Heap before GC invocations=1 (full 0):
 PSYoungGen      total 37888K, used 32768K [0x00000000d6000000, 0x00000000d8a00000, 0x0000000100000000)
  eden space 32768K, 100% used [0x00000000d6000000,0x00000000d8000000,0x00000000d8000000)
  from space 5120K, 0% used [0x00000000d8500000,0x00000000d8500000,0x00000000d8a00000)
  to   space 5120K, 0% used [0x00000000d8000000,0x00000000d8000000,0x00000000d8500000)
 ParOldGen       total 86016K, used 0K [0x0000000082000000, 0x0000000087400000, 0x00000000d6000000)
  object space 86016K, 0% used [0x0000000082000000,0x0000000082000000,0x0000000087400000)
 Metaspace       used 5915K, capacity 6896K, committed 7040K, reserved 1056768K
  class space    used 585K, capacity 616K, committed 640K, reserved 1048576K
Event: 1.816 GC heap after
Heap after GC invocations=1 (full 0):
 PSYoungGen      total 37888K, used 5099K [0x00000000d6000000, 0x00000000d8a00000, 0x0000000100000000)
  eden space 32768K, 0% used [0x00000000d6000000,0x00000000d6000000,0x00000000d8000000)
  from space 5120K, 99% used [0x00000000d8000000,0x00000000d84fae98,0x00000000d8500000)
  to   space 5120K, 0% used [0x00000000d8500000,0x00000000d8500000,0x00000000d8a00000)
 ParOldGen       total 86016K, used 1142K [0x0000000082000000, 0x0000000087400000, 0x00000000d6000000)
  object space 86016K, 1% used [0x0000000082000000,0x000000008211daa0,0x0000000087400000)
 Metaspace       used 5915K, capacity 6896K, committed 7040K, reserved 1056768K
  class space    used 585K, capacity 616K, committed 640K, reserved 1048576K
}
Event: 2.488 GC heap before
{Heap before GC invocations=2 (full 0):
 PSYoungGen      total 37888K, used 37867K [0x00000000d6000000, 0x00000000d8a00000, 0x0000000100000000)
  eden space 32768K, 100% used [0x00000000d6000000,0x00000000d8000000,0x00000000d8000000)
  from space 5120K, 99% used [0x00000000d8000000,0x00000000d84fae98,0x00000000d8500000)
  to   space 5120K, 0% used [0x00000000d8500000,0x00000000d8500000,0x00000000d8a00000)
 ParOldGen       total 86016K, used 1142K [0x0000000082000000, 0x0000000087400000, 0x00000000d6000000)
  object space 86016K, 1% used [0x0000000082000000,0x000000008211daa0,0x0000000087400000)
 Metaspace       used 6080K, capacity 7024K, committed 7296K, reserved 1056768K
  class space    used 585K, capacity 616K, committed 640K, reserved 1048576K
Event: 2.517 GC heap after
Heap after GC invocations=2 (full 0):
 PSYoungGen      total 37888K, used 5119K [0x00000000d6000000, 0x00000000d8a00000, 0x0000000100000000)
  eden space 32768K, 0% used [0x00000000d6000000,0x00000000d6000000,0x00000000d8000000)
  from space 5120K, 99% used [0x00000000d8500000,0x00000000d89ffcb8,0x00000000d8a00000)
  to   space 5120K, 0% used [0x00000000d8000000,0x00000000d8000000,0x00000000d8500000)
 ParOldGen       total 86016K, used 5814K [0x0000000082000000, 0x0000000087400000, 0x00000000d6000000)
  object space 86016K, 6% used [0x0000000082000000,0x00000000825adaa0,0x0000000087400000)
 Metaspace       used 6080K, capacity 7024K, committed 7296K, reserved 1056768K
  class space    used 585K, capacity 616K, committed 640K, reserved 1048576K
}

Deoptimization events (2 events):
Event: 1.025 Thread 0x0000000019aff000 Uncommon trap: reason=unstable_if action=reinterpret pc=0x0000000003649588 method=java.util.HashMap.getNode(ILjava/lang/Object;)Ljava/util/HashMap$Node; @ 129
Event: 1.084 Thread 0x000000000320d800 Uncommon trap: reason=unstable_if action=reinterpret pc=0x00000000035acae8 method=java.lang.String.startsWith(Ljava/lang/String;I)Z @ 25

Internal exceptions (2 events):
Event: 0.054 Thread 0x000000000320d800 Exception <a 'java/lang/NoSuchMethodError': Method sun.misc.Unsafe.defineClass(Ljava/lang/String;[BII)Ljava/lang/Class; name or signature does not match> (0x00000000d600dc00) thrown at [C:\workspace\8-2-build-windows-amd64-cygwin\jdk8u65\4987\hotspot\src\s‹ÈG‹‡«?
Event: 0.054 Thread 0x000000000320d800 Exception <a 'java/lang/NoSuchMethodError': Method sun.misc.Unsafe.prefetchRead(Ljava/lang/Object;J)V name or signature does not match> (0x00000000d600dee8) thrown at [C:\workspace\8-2-build-windows-amd64-cygwin\jdk8u65\4987\hotspot\src\share\vm\prims\jni.

Events (10 events):
Event: 1.084 Thread 0x000000000320d800 DEOPT PACKING pc=0x00000000035acae8 sp=0x000000000330ee00
Event: 1.084 Thread 0x000000000320d800 DEOPT UNPACKING pc=0x000000000348582a sp=0x000000000330ed78 mode 2
Event: 1.117 loading class com/android/dx/rop/code/LocalItem
Event: 1.117 loading class com/android/dx/rop/code/LocalItem done
Event: 1.545 Executing VM operation: ForceSafepoint
Event: 1.546 Executing VM operation: ForceSafepoint done
Event: 1.724 Executing VM operation: ParallelGCFailedAllocation
Event: 1.816 Executing VM operation: ParallelGCFailedAllocation done
Event: 2.488 Executing VM operation: ParallelGCFailedAllocation
Event: 2.517 Executing VM operation: ParallelGCFailedAllocation done


Dynamic libraries:
0x00007ff6483a0000 - 0x00007ff6483d7000 	C:\Program Files\Java\jdk1.8.0_65\bin\java.exe
0x00007ffa19fe0000 - 0x00007ffa1a1bb000 	C:\WINDOWS\SYSTEM32\ntdll.dll
0x00007ffa18720000 - 0x00007ffa187ce000 	C:\WINDOWS\System32\KERNEL32.DLL
0x00007ffa16500000 - 0x00007ffa16749000 	C:\WINDOWS\System32\KERNELBASE.dll
0x00007ffa18670000 - 0x00007ffa18711000 	C:\WINDOWS\System32\ADVAPI32.dll
0x00007ffa17950000 - 0x00007ffa179ed000 	C:\WINDOWS\System32\msvcrt.dll
0x00007ffa17540000 - 0x00007ffa17599000 	C:\WINDOWS\System32\sechost.dll
0x00007ffa18540000 - 0x00007ffa18665000 	C:\WINDOWS\System32\RPCRT4.dll
0x00007ffa18090000 - 0x00007ffa181da000 	C:\WINDOWS\System32\USER32.dll
0x00007ffa174c0000 - 0x00007ffa174de000 	C:\WINDOWS\System32\win32u.dll
0x00007ffa17900000 - 0x00007ffa17927000 	C:\WINDOWS\System32\GDI32.dll
0x00007ffa17330000 - 0x00007ffa174b8000 	C:\WINDOWS\System32\gdi32full.dll
0x00007ffa17190000 - 0x00007ffa1722a000 	C:\WINDOWS\System32\msvcp_win.dll
0x00007ffa16750000 - 0x00007ffa16846000 	C:\WINDOWS\System32\ucrtbase.dll
0x00007ffa06130000 - 0x00007ffa06397000 	C:\WINDOWS\WinSxS\amd64_microsoft.windows.common-controls_6595b64144ccf1df_6.0.15063.0_none_108e4f62dfe5d999\COMCTL32.dll
0x00007ffa18240000 - 0x00007ffa18539000 	C:\WINDOWS\System32\combase.dll
0x00007ffa17120000 - 0x00007ffa1718a000 	C:\WINDOWS\System32\bcryptPrimitives.dll
0x00007ffa19e30000 - 0x00007ffa19e5d000 	C:\WINDOWS\System32\IMM32.DLL
0x000000006e670000 - 0x000000006e742000 	C:\Program Files\Java\jdk1.8.0_65\jre\bin\msvcr100.dll
0x000000006dde0000 - 0x000000006e669000 	C:\Program Files\Java\jdk1.8.0_65\jre\bin\server\jvm.dll
0x00007ffa17930000 - 0x00007ffa17938000 	C:\WINDOWS\System32\PSAPI.DLL
0x00007ffa05b70000 - 0x00007ffa05b79000 	C:\WINDOWS\SYSTEM32\WSOCK32.dll
0x00007ffa149b0000 - 0x00007ffa149d3000 	C:\WINDOWS\SYSTEM32\WINMM.dll
0x00007ffa11c60000 - 0x00007ffa11c6a000 	C:\WINDOWS\SYSTEM32\VERSION.dll
0x00007ffa18020000 - 0x00007ffa1808c000 	C:\WINDOWS\System32\WS2_32.dll
0x00007ffa14820000 - 0x00007ffa1484b000 	C:\WINDOWS\SYSTEM32\winmmbase.dll
0x00007ffa172e0000 - 0x00007ffa17329000 	C:\WINDOWS\System32\cfgmgr32.dll
0x000000006ddd0000 - 0x000000006dddf000 	C:\Program Files\Java\jdk1.8.0_65\jre\bin\verify.dll
0x000000006dda0000 - 0x000000006ddc9000 	C:\Program Files\Java\jdk1.8.0_65\jre\bin\java.dll
0x000000006dd80000 - 0x000000006dd96000 	C:\Program Files\Java\jdk1.8.0_65\jre\bin\zip.dll
0x00007ffa187d0000 - 0x00007ffa19c07000 	C:\WINDOWS\System32\SHELL32.dll
0x00007ffa17eb0000 - 0x00007ffa17f5a000 	C:\WINDOWS\System32\shcore.dll
0x00007ffa16a20000 - 0x00007ffa17112000 	C:\WINDOWS\System32\windows.storage.dll
0x00007ffa17e50000 - 0x00007ffa17ea1000 	C:\WINDOWS\System32\shlwapi.dll
0x00007ffa16450000 - 0x00007ffa16461000 	C:\WINDOWS\System32\kernel.appcore.dll
0x00007ffa16470000 - 0x00007ffa164bc000 	C:\WINDOWS\System32\powrprof.dll
0x00007ffa164e0000 - 0x00007ffa164f5000 	C:\WINDOWS\System32\profapi.dll

VM Arguments:
java_command: C:\Program Files (x86)\Android\android-sdk\build-tools\25.0.1\\lib\dx.jar --no-strict --dex --output=obj\Debug\android\bin obj\Debug\android\bin\classes C:\Program Files (x86)\Microsoft Visual Studio\2017\Community\Common7\IDE\ReferenceAssemblies\Microsoft\Framework\MonoAndroid\v6.0\mono.android.jar
java_class_path (initial): C:\Program Files (x86)\Android\android-sdk\build-tools\25.0.1\\lib\dx.jar
Launcher Type: SUN_STANDARD

Environment Variables:
JAVA_HOME=C:\Program Files\Java\jdk1.8.0_65
PATH=C:\Program Files (x86)\Microsoft Visual Studio\2017\Community\Common7\IDE\Extensions\dphzvrzq.gnr\NativeBinaries\x86;C:\Program Files\Java\jdk1.8.0_65\bin;C:\ProgramData\Oracle\Java\javapath;C:\WINDOWS\system32;C:\WINDOWS;C:\WINDOWS\System32\Wbem;C:\WINDOWS\System32\WindowsPowerShell\v1.0\;C:\Program Files\Microsoft SQL Server\120\Tools\Binn\;C:\Program Files\Microsoft SQL Server\130\Tools\Binn\;C:\Program Files (x86)\nodejs\;C:\Program Files\Microsoft\Web Platform Installer\;C:\Program Files (x86)\Microsoft SQL Server\110\DTS\Binn\;C:\Program Files (x86)\Microsoft SQL Server\120\DTS\Binn\;C:\Program Files (x86)\Microsoft SQL Server\130\DTS\Binn\;C:\Program Files\dotnet\;C:\Program Files (x86)\GtkSharp\2.12\bin;C:\Program Files (x86)\Microsoft Emulator Manager\1.0\;C:\Program Files (x86)\Microsoft SQL Server\Client SDK\ODBC\130\Tools\Binn\;C:\Program Files (x86)\Microsoft SQL Server\130\Tools\Binn\;C:\Program Files (x86)\Microsoft SQL Server\130\Tools\Binn\ManagementStudio\;C:\Program Files (x86)\Windows Live\Shared;C:\Program Files\Git\cmd;C:\Ruby23-x64\bin;C:\Users\alejo\AppData\Local\Microsoft\WindowsApps;C:\Users\alejo\AppData\Roaming\npm;C:\Program Files (x86)\Microsoft VS Code\bin;C:\Users\alejo\.calabash\sandbox\bin;C:\Users\alejo\AppData\Local\Microsoft\WindowsApps;
USERNAME=alejo
OS=Windows_NT
PROCESSOR_IDENTIFIER=Intel64 Family 6 Model 58 Stepping 9, GenuineIntel



---------------  S Y S T E M  ---------------

OS: Windows 10.0 , 64 bit Build 15063 (10.0.15063.296)

CPU:total 4 (2 cores per cpu, 2 threads per core) family 6 model 58 stepping 9, cmov, cx8, fxsr, mmx, sse, sse2, sse3, ssse3, sse4.1, sse4.2, popcnt, avx, clmul, erms, ht, tsc, tscinvbit, tscinv

Memory: 4k page, physical 8254308k(651032k free), swap 8254308k(960k free)

vm_info: Java HotSpot(TM) 64-Bit Server VM (25.65-b01) for windows-amd64 JRE (1.8.0_65-b17), built on Oct  6 2015 16:39:20 by "java_re" with MS VC++ 10.0 (VS2010)

time: Sat Jun 17 10:17:48 2017
elapsed time: 2 seconds (0d 0h 0m 2s)

